This file contains any messages produced by compilers while
running configure, to aid debugging if configure makes a mistake.

It was created by myprog configure 1.2.3, which was
generated by GNU Autoconf 2.63.  Invocation command line was

  $ ./configure --prefix=/usr

## --------- ##
## Platform. ##
## --------- ##

hostname = linux-ep9z
uname -m = x86_64
uname -r = 2.6.27.29-0.1-default
uname -s = Linux
uname -v = #1 SMP 2009-08-15 17:53:59 +0200

/usr/bin/uname -p = unknown
/bin/uname -X     = unknown

/bin/arch              = x86_64
/usr/bin/arch -k       = unknown
/usr/convex/getsysinfo = unknown
/usr/bin/hostinfo      = unknown
/bin/machine           = unknown
/usr/bin/oslevel       = unknown
/bin/universe          = unknown

PATH: /usr/local/bin
PATH: /usr/bin
PATH: /bin
PATH: /usr/bin/X11
PATH: /usr/X11R6/bin
PATH: /usr/games
PATH: /opt/kde3/bin
PATH: /opt/cross/bin
PATH: /usr/lib/mit/bin
PATH: /usr/lib/mit/sbin


## ----------- ##
## Core tests. ##
## ----------- ##

configure:1898: checking build system type
configure:1916: result: x86_64-suse-linux-gnu
configure:1938: checking host system type
configure:1953: result: x86_64-suse-linux-gnu
configure:1975: checking target system type
configure:1990: result: x86_64-suse-linux-gnu
configure:2085: checking for wx-config
configure:2104: found /usr/bin/wx-config
configure:2117: result: /usr/bin/wx-config
configure:2132: checking for wxWidgets version >= 2.6.0
configure:2179: result: yes (version 2.8.10)
configure:2183: checking for wxWidgets static library
configure:2190: result: yes
configure:2329: checking if wxWidgets was built with UNICODE enabled
configure:2332: result: yes
configure:2342: checking if wxWidgets was built in DEBUG or RELEASE mode
configure:2345: result: debug
configure:2354: checking if wxWidgets was built in SHARED or STATIC mode
configure:2357: result: shared
configure:2418: checking for gcc
configure:2434: found /usr/bin/gcc
configure:2445: result: gcc
configure:2677: checking for C compiler version
configure:2685: gcc --version >&5
gcc (SUSE Linux) 4.3.2 [gcc-4_3-branch revision 141291]
Copyright (C) 2008 Free Software Foundation, Inc.
This is free software; see the source for copying conditions.  There is NO
warranty; not even for MERCHANTABILITY or FITNESS FOR A PARTICULAR PURPOSE.

configure:2689: $? = 0
configure:2696: gcc -v >&5
Using built-in specs.
Target: x86_64-suse-linux
Configured with: ../configure --prefix=/usr --infodir=/usr/share/info --mandir=/usr/share/man --libdir=/usr/lib64 --libexecdir=/usr/lib64 --enable-languages=c,c++,objc,fortran,obj-c++,java,ada --enable-checking=release --with-gxx-include-dir=/usr/include/c++/4.3 --enable-ssp --disable-libssp --with-bugurl=http://bugs.opensuse.org/ --with-pkgversion='SUSE Linux' --disable-libgcj --disable-libmudflap --with-slibdir=/lib64 --with-system-zlib --enable-__cxa_atexit --enable-libstdcxx-allocator=new --disable-libstdcxx-pch --enable-version-specific-runtime-libs --program-suffix=-4.3 --enable-linux-futex --without-system-libunwind --with-cpu=generic --build=x86_64-suse-linux
Thread model: posix
gcc version 4.3.2 [gcc-4_3-branch revision 141291] (SUSE Linux) 
configure:2700: $? = 0
configure:2707: gcc -V >&5
gcc: '-V' option must have argument
configure:2711: $? = 1
configure:2734: checking for C compiler default output file name
configure:2756: gcc  -pthread   -L/usr/lib64 -pthread   -L/usr/lib64   -lwx_gtk2u_richtext-2.8 -lwx_gtk2u_aui-2.8 -lwx_gtk2u_xrc-2.8 -lwx_gtk2u_qa-2.8 -lwx_gtk2u_html-2.8 -lwx_gtk2u_adv-2.8 -lwx_gtk2u_core-2.8 -lwx_baseu_xml-2.8 -lwx_baseu_net-2.8 -lwx_baseu-2.8  conftest.c  >&5
configure:2760: $? = 0
configure:2798: result: a.out
configure:2817: checking whether the C compiler works
configure:2827: ./a.out
configure:2831: $? = 0
configure:2850: result: yes
configure:2857: checking whether we are cross compiling
configure:2859: result: no
configure:2862: checking for suffix of executables
configure:2869: gcc -o conftest  -pthread   -L/usr/lib64 -pthread   -L/usr/lib64   -lwx_gtk2u_richtext-2.8 -lwx_gtk2u_aui-2.8 -lwx_gtk2u_xrc-2.8 -lwx_gtk2u_qa-2.8 -lwx_gtk2u_html-2.8 -lwx_gtk2u_adv-2.8 -lwx_gtk2u_core-2.8 -lwx_baseu_xml-2.8 -lwx_baseu_net-2.8 -lwx_baseu-2.8  conftest.c  >&5
configure:2873: $? = 0
configure:2899: result: 
configure:2905: checking for suffix of object files
configure:2931: gcc -c  -pthread  conftest.c >&5
configure:2935: $? = 0
configure:2960: result: o
configure:2964: checking whether we are using the GNU C compiler
configure:2993: gcc -c  -pthread  conftest.c >&5
configure:3000: $? = 0
configure:3017: result: yes
configure:3026: checking whether gcc accepts -g
configure:3056: gcc -c -g  conftest.c >&5
configure:3063: $? = 0
configure:3164: result: yes
configure:3181: checking for gcc option to accept ISO C89
configure:3255: gcc  -c  -pthread  conftest.c >&5
configure:3262: $? = 0
configure:3285: result: none needed
configure:3312: checking whether we are using the Intel C compiler
configure:3342: gcc -c  -pthread  conftest.c >&5
conftest.c: In function 'main':
conftest.c:14: error: 'choke' undeclared (first use in this function)
conftest.c:14: error: (Each undeclared identifier is reported only once
conftest.c:14: error: for each function it appears in.)
conftest.c:14: error: expected ';' before 'me'
configure:3349: $? = 1
configure: failed program was:
| /* confdefs.h.  */
| #define PACKAGE_NAME "myprog"
| #define PACKAGE_TARNAME "myprog"
| #define PACKAGE_VERSION "1.2.3"
| #define PACKAGE_STRING "myprog 1.2.3"
| #define PACKAGE_BUGREPORT "mymail@myserver.com"
| /* end confdefs.h.  */
| 
| int
| main ()
| {
| 
|              #ifndef __INTEL_COMPILER
|                 choke me
|              #endif
| 
|   ;
|   return 0;
| }
configure:3367: result: no
configure:4480: checking for g++
configure:4496: found /usr/bin/g++
configure:4507: result: g++
configure:4534: checking for C++ compiler version
configure:4542: g++ --version >&5
g++ (SUSE Linux) 4.3.2 [gcc-4_3-branch revision 141291]
Copyright (C) 2008 Free Software Foundation, Inc.
This is free software; see the source for copying conditions.  There is NO
warranty; not even for MERCHANTABILITY or FITNESS FOR A PARTICULAR PURPOSE.

configure:4546: $? = 0
configure:4553: g++ -v >&5
Using built-in specs.
Target: x86_64-suse-linux
Configured with: ../configure --prefix=/usr --infodir=/usr/share/info --mandir=/usr/share/man --libdir=/usr/lib64 --libexecdir=/usr/lib64 --enable-languages=c,c++,objc,fortran,obj-c++,java,ada --enable-checking=release --with-gxx-include-dir=/usr/include/c++/4.3 --enable-ssp --disable-libssp --with-bugurl=http://bugs.opensuse.org/ --with-pkgversion='SUSE Linux' --disable-libgcj --disable-libmudflap --with-slibdir=/lib64 --with-system-zlib --enable-__cxa_atexit --enable-libstdcxx-allocator=new --disable-libstdcxx-pch --enable-version-specific-runtime-libs --program-suffix=-4.3 --enable-linux-futex --without-system-libunwind --with-cpu=generic --build=x86_64-suse-linux
Thread model: posix
gcc version 4.3.2 [gcc-4_3-branch revision 141291] (SUSE Linux) 
configure:4557: $? = 0
configure:4564: g++ -V >&5
g++: '-V' option must have argument
configure:4568: $? = 1
configure:4571: checking whether we are using the GNU C++ compiler
configure:4600: g++ -c  -I/usr/lib64/wx/include/gtk2-unicode-release-2.8 -I/usr/include/wx-2.8 -D_FILE_OFFSET_BITS=64 -D_LARGE_FILES -D__WXGTK__ -pthread  conftest.cpp >&5
configure:4607: $? = 0
configure:4624: result: yes
configure:4633: checking whether g++ accepts -g
configure:4663: g++ -c -g  conftest.cpp >&5
configure:4670: $? = 0
configure:4771: result: yes
configure:4803: checking whether we are using the Intel C++ compiler
configure:4833: g++ -c  -I/usr/lib64/wx/include/gtk2-unicode-release-2.8 -I/usr/include/wx-2.8 -D_FILE_OFFSET_BITS=64 -D_LARGE_FILES -D__WXGTK__ -pthread  conftest.cpp >&5
conftest.cpp: In function 'int main()':
conftest.cpp:14: error: 'choke' was not declared in this scope
conftest.cpp:14: error: expected `;' before 'me'
configure:4840: $? = 1
configure: failed program was:
| /* confdefs.h.  */
| #define PACKAGE_NAME "myprog"
| #define PACKAGE_TARNAME "myprog"
| #define PACKAGE_VERSION "1.2.3"
| #define PACKAGE_STRING "myprog 1.2.3"
| #define PACKAGE_BUGREPORT "mymail@myserver.com"
| /* end confdefs.h.  */
| 
| int
| main ()
| {
| 
|              #ifndef __INTEL_COMPILER
|                 choke me
|              #endif
| 
|   ;
|   return 0;
| }
configure:4858: result: no
configure:5591: checking whether we are using the Sun C++ compiler
configure:5621: g++ -c  -I/usr/lib64/wx/include/gtk2-unicode-release-2.8 -I/usr/include/wx-2.8 -D_FILE_OFFSET_BITS=64 -D_LARGE_FILES -D__WXGTK__ -pthread  conftest.cpp >&5
conftest.cpp: In function 'int main()':
conftest.cpp:14: error: 'choke' was not declared in this scope
conftest.cpp:14: error: expected `;' before 'me'
configure:5628: $? = 1
configure: failed program was:
| /* confdefs.h.  */
| #define PACKAGE_NAME "myprog"
| #define PACKAGE_TARNAME "myprog"
| #define PACKAGE_VERSION "1.2.3"
| #define PACKAGE_STRING "myprog 1.2.3"
| #define PACKAGE_BUGREPORT "mymail@myserver.com"
| /* end confdefs.h.  */
| 
| int
| main ()
| {
| 
|              #ifndef __SUNPRO_CC
|                 choke me
|              #endif
| 
|   ;
|   return 0;
| }
configure:5646: result: no
configure:5971: checking for ranlib
configure:5987: found /usr/bin/ranlib
configure:5998: result: ranlib
configure:6034: checking for a BSD-compatible install
configure:6102: result: /usr/bin/install -c
configure:6113: checking whether ln -s works
configure:6117: result: yes
configure:6125: checking whether make sets $(MAKE)
configure:6147: result: yes
configure:6210: checking for ar
configure:6226: found /usr/bin/ar
configure:6237: result: ar
configure:6306: checking for strip
configure:6322: found /usr/bin/strip
configure:6333: result: strip
configure:6398: checking for nm
configure:6414: found /usr/bin/nm
configure:6425: result: nm
configure:6448: checking for command to install directories
configure:6455: result: /usr/bin/install -c -d
configure:6473: checking if make is GNU make
configure:6487: result: yes
configure:7559: checking for dependency tracking method
configure:7580: result: gcc
configure:8158: creating ./config.status

## ---------------------- ##
## Running config.status. ##
## ---------------------- ##

This file was extended by myprog config.status 1.2.3, which was
generated by GNU Autoconf 2.63.  Invocation command line was

  CONFIG_FILES    = 
  CONFIG_HEADERS  = 
  CONFIG_LINKS    = 
  CONFIG_COMMANDS = 
  $ ./config.status 

on linux-ep9z

config.status:736: creating Makefile

## ---------------- ##
## Cache variables. ##
## ---------------- ##

ac_cv_build=x86_64-suse-linux-gnu
ac_cv_c_compiler_gnu=yes
ac_cv_cxx_compiler_gnu=yes
ac_cv_env_CCC_set=
ac_cv_env_CCC_value=
ac_cv_env_CC_set=
ac_cv_env_CC_value=
ac_cv_env_CFLAGS_set=
ac_cv_env_CFLAGS_value=
ac_cv_env_CPPFLAGS_set=
ac_cv_env_CPPFLAGS_value=
ac_cv_env_CXXFLAGS_set=
ac_cv_env_CXXFLAGS_value=
ac_cv_env_CXX_set=
ac_cv_env_CXX_value=
ac_cv_env_LDFLAGS_set=
ac_cv_env_LDFLAGS_value=
ac_cv_env_LIBS_set=
ac_cv_env_LIBS_value=
ac_cv_env_build_alias_set=
ac_cv_env_build_alias_value=
ac_cv_env_host_alias_set=
ac_cv_env_host_alias_value=
ac_cv_env_target_alias_set=
ac_cv_env_target_alias_value=
ac_cv_host=x86_64-suse-linux-gnu
ac_cv_objext=o
ac_cv_path_WX_CONFIG_PATH=/usr/bin/wx-config
ac_cv_path_install='/usr/bin/install -c'
ac_cv_prog_ac_ct_AR=ar
ac_cv_prog_ac_ct_CC=gcc
ac_cv_prog_ac_ct_CXX=g++
ac_cv_prog_ac_ct_NM=nm
ac_cv_prog_ac_ct_RANLIB=ranlib
ac_cv_prog_ac_ct_STRIP=strip
ac_cv_prog_cc_c89=
ac_cv_prog_cc_g=yes
ac_cv_prog_cxx_g=yes
ac_cv_prog_make_make_set=yes
ac_cv_target=x86_64-suse-linux-gnu
bakefile_cv_c_compiler___INTEL_COMPILER=no
bakefile_cv_cxx_compiler___INTEL_COMPILER=no
bakefile_cv_cxx_compiler___SUNPRO_CC=no
bakefile_cv_prog_makeisgnu=yes

## ----------------- ##
## Output variables. ##
## ----------------- ##

AIX_CXX_LD=''
AR='ar'
AROPTIONS='rcu'
BK_DEPS='/home/leonti/usa/estescook/bk-deps'
CC='gcc'
CFLAGS=' -pthread'
COND_BUILD_debug='#'
COND_BUILD_debug_UNICODE_0='#'
COND_BUILD_debug_UNICODE_1='#'
COND_BUILD_release='#'
COND_BUILD_release_UNICODE_1='#'
COND_DEPS_TRACKING_0='#'
COND_DEPS_TRACKING_1=''
COND_MONOLITHIC_1='#'
COND_PLATFORM_MAC_0=''
COND_PLATFORM_MAC_1='#'
COND_PLATFORM_OS2_1='#'
COND_PLATFORM_WIN32_1='#'
COND_UNICODE_1='#'
CPPFLAGS=''
CXX='g++'
CXXFLAGS=' -I/usr/lib64/wx/include/gtk2-unicode-release-2.8 -I/usr/include/wx-2.8 -D_FILE_OFFSET_BITS=64 -D_LARGE_FILES -D__WXGTK__ -pthread'
DEFS='-DPACKAGE_NAME=\"myprog\" -DPACKAGE_TARNAME=\"myprog\" -DPACKAGE_VERSION=\"1.2.3\" -DPACKAGE_STRING=\"myprog\ 1.2.3\" -DPACKAGE_BUGREPORT=\"mymail@myserver.com\"'
DEPS_TRACKING='1'
DLLIMP_SUFFIX='so'
DLLPREFIX='lib'
DLLPREFIX_MODULE=''
ECHO_C=''
ECHO_N='-n'
ECHO_T=''
EXEEXT=''
IF_GNU_MAKE=''
INSTALL_DATA='${INSTALL} -m 644'
INSTALL_DIR='$(INSTALL) -d'
INSTALL_PROGRAM='${INSTALL}'
INSTALL_SCRIPT='${INSTALL}'
LDFLAGS=' -L/usr/lib64 -pthread   -L/usr/lib64   -lwx_gtk2u_richtext-2.8 -lwx_gtk2u_aui-2.8 -lwx_gtk2u_xrc-2.8 -lwx_gtk2u_qa-2.8 -lwx_gtk2u_html-2.8 -lwx_gtk2u_adv-2.8 -lwx_gtk2u_core-2.8 -lwx_baseu_xml-2.8 -lwx_baseu_net-2.8 -lwx_baseu-2.8 '
LDFLAGS_GUI=''
LIBEXT='.a'
LIBOBJS=''
LIBPREFIX='lib'
LIBS=''
LN_S='ln -s'
LTLIBOBJS=''
MAKE_SET=''
NM='nm'
OBJCXXFLAGS=''
OBJEXT='o'
PACKAGE_BUGREPORT='mymail@myserver.com'
PACKAGE_NAME='myprog'
PACKAGE_STRING='myprog 1.2.3'
PACKAGE_TARNAME='myprog'
PACKAGE_VERSION='1.2.3'
PATH_SEPARATOR=':'
PIC_FLAG='-fPIC -DPIC'
PLATFORM_BEOS='0'
PLATFORM_MAC='0'
PLATFORM_MACOS='0'
PLATFORM_MACOSX='0'
PLATFORM_MSDOS='0'
PLATFORM_OS2='0'
PLATFORM_UNIX='1'
PLATFORM_WIN32='0'
RANLIB='ranlib'
REZ=''
SETFILE=''
SET_MAKE=''
SHARED_LD_CC='$(CC) -shared -fPIC -o'
SHARED_LD_CXX='$(CXX) -shared -fPIC -o'
SHARED_LD_MODULE_CC='$(CC) -shared -fPIC -o'
SHARED_LD_MODULE_CXX='$(CXX) -shared -fPIC -o'
SHELL='/bin/sh'
SONAME_FLAG='-Wl,-soname,'
SO_SUFFIX='so'
SO_SUFFIX_MODULE='so'
STRIP='strip'
USE_MACVERSION='0'
USE_SOSYMLINKS='1'
USE_SOVERCYGWIN='0'
USE_SOVERLINUX='1'
USE_SOVERSION='1'
USE_SOVERSOLARIS='0'
WINDOWS_IMPLIB='0'
WINDRES=''
WX_CFLAGS='-I/usr/lib64/wx/include/gtk2-unicode-release-2.8 -I/usr/include/wx-2.8 -D_FILE_OFFSET_BITS=64 -D_LARGE_FILES -D__WXGTK__ -pthread'
WX_CFLAGS_ONLY='-pthread'
WX_CONFIG_PATH='/usr/bin/wx-config'
WX_CPPFLAGS='-I/usr/lib64/wx/include/gtk2-unicode-release-2.8 -I/usr/include/wx-2.8 -D_FILE_OFFSET_BITS=64 -D_LARGE_FILES -D__WXGTK__'
WX_CXXFLAGS='-I/usr/lib64/wx/include/gtk2-unicode-release-2.8 -I/usr/include/wx-2.8 -D_FILE_OFFSET_BITS=64 -D_LARGE_FILES -D__WXGTK__ -pthread'
WX_CXXFLAGS_ONLY=''
WX_LIBS='-L/usr/lib64 -pthread   -L/usr/lib64   -lwx_gtk2u_richtext-2.8 -lwx_gtk2u_aui-2.8 -lwx_gtk2u_xrc-2.8 -lwx_gtk2u_qa-2.8 -lwx_gtk2u_html-2.8 -lwx_gtk2u_adv-2.8 -lwx_gtk2u_core-2.8 -lwx_baseu_xml-2.8 -lwx_baseu_net-2.8 -lwx_baseu-2.8 '
WX_LIBS_STATIC='-L/usr/lib64 -pthread   -L/usr/lib64   /usr/lib64/libwx_gtk2u_richtext-2.8.a /usr/lib64/libwx_gtk2u_aui-2.8.a /usr/lib64/libwx_gtk2u_xrc-2.8.a /usr/lib64/libwx_gtk2u_qa-2.8.a /usr/lib64/libwx_gtk2u_html-2.8.a /usr/lib64/libwx_gtk2u_adv-2.8.a /usr/lib64/libwx_gtk2u_core-2.8.a /usr/lib64/libwx_baseu_xml-2.8.a /usr/lib64/libwx_baseu_net-2.8.a /usr/lib64/libwx_baseu-2.8.a -lmspack -L/usr/lib64 -lSDL -lpthread -pthread -lgtk-x11-2.0 -lgdk-x11-2.0 -latk-1.0 -lgio-2.0 -lpangoft2-1.0 -lgdk_pixbuf-2.0 -lpango-1.0 -lfreetype -lfontconfig -lgobject-2.0 -lgmodule-2.0 -lgthread-2.0 -lrt -lglib-2.0 -lXinerama -lXxf86vm -lSM -lpng -ljpeg -ltiff -lexpat -lwxregexu-2.8 -lz -ldl -lm '
WX_RESCOMP=''
WX_VERSION='2.8.10'
ac_ct_CC='gcc'
ac_ct_CXX='g++'
bindir='${exec_prefix}/bin'
build='x86_64-suse-linux-gnu'
build_alias=''
build_cpu='x86_64'
build_os='linux-gnu'
build_vendor='suse'
datadir='${datarootdir}'
datarootdir='${prefix}/share'
dlldir='${exec_prefix}/lib'
docdir='${datarootdir}/doc/${PACKAGE_TARNAME}'
dvidir='${docdir}'
exec_prefix='${prefix}'
host='x86_64-suse-linux-gnu'
host_alias=''
host_cpu='x86_64'
host_os='linux-gnu'
host_vendor='suse'
htmldir='${docdir}'
includedir='${prefix}/include'
infodir='${datarootdir}/info'
libdir='${exec_prefix}/lib'
libexecdir='${exec_prefix}/libexec'
localedir='${datarootdir}/locale'
localstatedir='${prefix}/var'
mandir='${datarootdir}/man'
oldincludedir='/usr/include'
pdfdir='${docdir}'
prefix='/usr'
program_transform_name='s,x,x,'
psdir='${docdir}'
sbindir='${exec_prefix}/sbin'
sharedstatedir='${prefix}/com'
sysconfdir='${prefix}/etc'
target='x86_64-suse-linux-gnu'
target_alias=''
target_cpu='x86_64'
target_os='linux-gnu'
target_vendor='suse'

## ----------- ##
## confdefs.h. ##
## ----------- ##

#define PACKAGE_NAME "myprog"
#define PACKAGE_TARNAME "myprog"
#define PACKAGE_VERSION "1.2.3"
#define PACKAGE_STRING "myprog 1.2.3"
#define PACKAGE_BUGREPORT "mymail@myserver.com"

configure: exit 0
